<?xml version="1.0" encoding="UTF-8"?>
<!-- Generated by org.testng.reporters.JUnitReportReporter -->
<testsuite hostname="LAPTOP-NLJ0AAUC" failures="0" tests="2" name="DataProvider.Data_ProviderEx1" time="0.006" errors="0" timestamp="2023-12-01T12:07:15 IST" skipped="0">
  <testcase classname="DataProvider.Data_ProviderEx1" name="bookTickets" time="0.006"/>
  <testcase classname="DataProvider.Data_ProviderEx1" name="bookTickets" time="0.000"/>
</testsuite> <!-- DataProvider.Data_ProviderEx1 -->
