<?xml version="1.0" encoding="UTF-8"?>
<!-- Generated by org.testng.reporters.JUnitReportReporter -->
<testsuite hostname="LAPTOP-NLJ0AAUC" failures="0" tests="1" name="Product.CreateProduct" time="26.842" errors="0" timestamp="2023-11-28T11:39:47 IST" skipped="0">
  <testcase classname="Product.CreateProduct" name="CreateProduct" time="26.842"/>
</testsuite> <!-- Product.CreateProduct -->
