<?xml version="1.0" encoding="UTF-8"?>
<!-- Generated by org.testng.reporters.JUnitReportReporter -->
<testsuite hostname="LAPTOP-NLJ0AAUC" failures="0" tests="2" name="DataProvider.Data_ProviderEx2" time="0.006" errors="0" timestamp="2023-12-01T12:12:11 IST" skipped="0">
  <testcase classname="DataProvider.Data_ProviderEx2" name="bookTickets" time="0.001"/>
  <testcase classname="DataProvider.Data_ProviderEx2" name="bookTickets" time="0.005"/>
</testsuite> <!-- DataProvider.Data_ProviderEx2 -->
