<?xml version="1.0" encoding="UTF-8"?>
<!-- Generated by org.testng.reporters.JUnitReportReporter -->
<testsuite hostname="LAPTOP-NLJ0AAUC" failures="0" tests="2" name="Data_Provider.DataProviderEx1" time="0.009" errors="0" timestamp="2023-11-29T12:28:28 IST" skipped="0">
  <testcase classname="Data_Provider.DataProviderEx1" name="bookTickets" time="0.002"/>
  <testcase classname="Data_Provider.DataProviderEx1" name="bookTickets" time="0.007"/>
</testsuite> <!-- Data_Provider.DataProviderEx1 -->
